SYM LENG FREQ
 00    1 145
 00    2 37
 00    3 3
 00    4 3
 00    5 3
 00   10 1
 00   11 1
 01    1 79
 02    1 74
 03    1 75
 04    1 78
 05    1 88
 06    1 70
 07    1 61
 08    1 101
 09    1 70
 0a    1 57
 0a    3 1
 0b    1 60
 0c    1 65
 0c    2 1
 0c    3 1
 0d    1 53
 0d    3 1
 0e    1 49
 0f    1 32
 0f    3 1
 10    1 108
 10    3 1
 11    1 88
 12    1 56
 13    1 50
 14    1 52
 14    2 1
 15    1 52
 16    1 41
 17    1 36
 18    1 64
 18    2 1
 18    3 1
 19    1 45
 1a    1 56
 1b    1 27
 1b    3 1
 1c    1 50
 1c    3 1
 1d    1 40
 1e    1 46
 1e    3 1
 1f    1 35
 1f    3 1
 20    1 80
 20    2 1
 20    3 1
 21    1 46
 22    1 47
 23    1 36
 23    2 1
 24    1 42
 24    3 1
 25    1 54
 25    2 2
 26    1 38
 26    3 1
 27    1 26
 27    3 1
 28    1 53
 28    3 1
 29    1 41
 29    3 1
 2a    1 47
 2a    3 1
 2b    1 50
 2c    1 51
 2c    3 1
 2d    1 40
 2d    3 1
 2e    1 40
 2f    1 44
 2f    3 1
 30    1 56
 30    3 1
 31    1 41
 31    3 1
 32    1 30
 32    3 1
 33    1 36
 33    3 1
 34    1 44
 34    3 1
 35    1 39
 35    3 1
 36    1 31
 36    3 1
 37    1 35
 38    1 49
 38    3 1
 39    1 49
 39    3 1
 3a    1 45
 3a    3 1
 3b    1 39
 3b    2 2
 3b    3 1
 3c    1 45
 3c    3 1
 3d    1 41
 3d    3 1
 3e    1 55
 3e    3 1
 3f    1 46
 3f    2 1
 3f    3 1
 40    1 75
 40    3 1
 41    1 48
 41    3 1
 42    1 53
 43    1 58
 43    2 1
 43    3 1
 44    1 58
 45    1 56
 45    3 1
 46    1 56
 47    1 30
 48    1 65
 48    3 1
 49    1 51
 4a    1 50
 4a    3 1
 4b    1 50
 4b    3 1
 4c    1 56
 4d    1 57
 4d    3 1
 4e    1 38
 4e    3 1
 4f    1 33
 50    1 73
 50    3 1
 51    1 43
 51    3 1
 52    1 42
 52    3 1
 53    1 43
 53    3 1
 54    1 40
 54    3 1
 55    1 50
 55    3 1
 56    1 63
 56    3 1
 57    1 57
 58    1 49
 58    3 1
 59    1 41
 59    3 1
 5a    1 49
 5a    2 1
 5a    3 1
 5b    1 36
 5c    1 44
 5c    3 1
 5d    1 52
 5d    3 1
 5e    1 56
 5e    3 1
 5f    1 28
 5f    3 1
 60    1 56
 60    3 1
 61    1 34
 61    3 1
 62    1 39
 62    3 1
 63    1 38
 63    3 1
 64    1 42
 64    2 1
 65    1 45
 65    3 1
 66    1 52
 66    3 1
 67    1 42
 67    3 1
 68    1 60
 69    1 59
 69    3 1
 6a    1 55
 6a    3 1
 6b    1 35
 6b    3 1
 6c    1 46
 6c    3 1
 6d    1 42
 6d    3 1
 6e    1 52
 6f    1 44
 6f    3 1
 70    1 64
 70    3 1
 71    1 30
 72    1 36
 72    3 1
 73    1 33
 73    3 1
 74    1 34
 74    3 1
 75    1 38
 75    3 1
 76    1 42
 76    2 1
 76    3 1
 77    1 33
 78    1 57
 78    2 1
 78    3 1
 79    1 39
 79    3 1
 7a    1 31
 7a    3 1
 7b    1 33
 7b    3 1
 7c    1 40
 7c    3 1
 7d    1 45
 7e    1 43
 7e    3 1
 7f    1 24
 7f    3 1
 80    1 84
 80    2 2
 80    3 1
 81    1 67
 81    2 1
 81    3 1
 82    1 50
 83    1 56
 84    1 77
 84    3 1
 85    1 73
 85    3 1
 86    1 49
 86    3 1
 87    1 49
 88    1 80
 88    2 2
 88    3 1
 89    1 69
 89    3 1
 8a    1 59
 8a    3 1
 8b    1 73
 8b    3 1
 8c    1 57
 8c    3 1
 8d    1 55
 8d    3 1
 8e    1 47
 8f    1 41
 8f    2 2
 8f    3 1
 90    1 81
 90    3 1
 91    1 67
 91    3 1
 92    1 48
 93    1 43
 93    3 1
 94    1 52
 94    3 1
 95    1 58
 95    2 1
 95    3 1
 96    1 53
 96    2 1
 97    1 44
 97    2 1
 97    3 1
 98    1 58
 98    2 2
 99    1 52
 9a    1 42
 9a    3 1
 9b    1 48
 9b    3 1
 9c    1 51
 9c    2 1
 9c    3 1
 9d    1 61
 9d    3 1
 9e    1 49
 9e    3 1
 9f    1 26
 9f    3 1
 a0    1 57
 a0    3 1
 a1    1 50
 a1    3 1
 a2    1 29
 a2    3 1
 a3    1 51
 a3    3 1
 a4    1 46
 a4    3 1
 a5    1 49
 a5    3 1
 a6    1 42
 a6    3 1
 a7    1 45
 a7    2 1
 a7    3 1
 a8    1 55
 a8    2 1
 a8    3 1
 a9    1 51
 a9    3 1
 aa    1 43
 ab    1 43
 ab    3 1
 ac    1 52
 ac    3 1
 ad    1 37
 ad    3 1
 ae    1 45
 ae    3 1
 af    1 50
 af    3 1
 b0    1 61
 b0    3 1
 b1    1 40
 b1    2 1
 b1    3 1
 b2    1 43
 b2    2 1
 b2    3 1
 b3    1 39
 b3    3 1
 b4    1 53
 b4    3 1
 b5    1 35
 b5    3 1
 b6    1 46
 b6    2 1
 b6    3 1
 b7    1 28
 b7    3 1
 b8    1 62
 b9    1 46
 b9    2 1
 b9    3 1
 ba    1 53
 ba    3 1
 bb    1 48
 bb    3 1
 bc    1 58
 bc    3 1
 bd    1 63
 bd    3 1
 be    1 43
 be    3 1
 bf    1 33
 bf    3 1
 c0    1 66
 c0    3 1
 c1    1 42
 c1    3 1
 c2    1 39
 c2    3 1
 c3    1 41
 c3    3 1
 c4    1 51
 c4    3 1
 c5    1 51
 c5    2 1
 c5    3 1
 c6    1 38
 c6    3 1
 c7    1 33
 c7    3 1
 c8    1 60
 c8    3 1
 c9    1 41
 c9    3 1
 ca    1 58
 ca    3 1
 cb    1 39
 cb    3 1
 cc    1 50
 cc    2 1
 cc    3 1
 cd    1 40
 cd    3 1
 ce    1 50
 ce    3 1
 cf    1 36
 cf    3 1
 d0    1 70
 d0    3 1
 d1    1 46
 d1    3 1
 d2    1 57
 d2    3 1
 d3    1 53
 d3    3 1
 d4    1 46
 d4    3 1
 d5    1 46
 d5    3 1
 d6    1 64
 d6    3 1
 d7    1 42
 d7    3 1
 d8    1 53
 d8    3 1
 d9    1 45
 d9    3 1
 da    1 51
 da    2 1
 da    3 1
 db    1 43
 db    3 1
 dc    1 67
 dc    2 1
 dc    3 1
 dd    1 46
 dd    3 1
 de    1 44
 de    2 1
 de    3 1
 df    1 37
 df    3 1
 e0    1 79
 e0    2 1
 e0    3 1
 e1    1 52
 e1    3 1
 e2    1 53
 e2    3 1
 e3    1 52
 e4    1 37
 e4    3 1
 e5    1 54
 e5    3 1
 e6    1 41
 e6    3 1
 e7    1 38
 e7    3 1
 e8    1 48
 e8    3 1
 e9    1 44
 e9    2 1
 e9    3 1
 ea    1 58
 ea    3 1
 eb    1 43
 eb    3 1
 ec    1 55
 ec    2 1
 ec    3 1
 ed    1 32
 ed    3 1
 ee    1 36
 ee    3 1
 ef    1 29
 ef    3 1
 f0    1 59
 f0    2 1
 f0    3 1
 f1    1 39
 f1    3 1
 f2    1 29
 f2    2 1
 f2    3 1
 f3    1 37
 f3    2 1
 f4    1 32
 f5    1 40
 f5    3 1
 f6    1 58
 f6    2 1
 f6    3 1
 f7    1 46
 f7    3 1
 f8    1 46
 f8    3 1
 f9    1 29
 fa    1 35
 fa    3 1
 fb    1 36
 fb    3 1
 fc    1 45
 fd    1 27
 fd    3 1
 fe    1 84
 fe    3 1
 ff    1 32
 ff    3 1
